<?xml version="1.0" encoding="UTF-8"?>
<!-- Generated by org.testng.reporters.JUnitXMLReporter -->
<testsuite hostname="DESKTOP-6K6D6KB" failures="0" tests="3" name="SubTest" time="27.727" errors="0" timestamp="26 Mar 2020 06:36:42 GMT">
  <testcase classname="mallikarjunaSelenium.mallikarjunaSelenium.NewTest1" name="openGoogleChrome1" time="10.245"/>
  <testcase classname="mallikarjunaSelenium.mallikarjunaSelenium.NewTest2" name="openGoogleChrome2" time="8.946"/>
  <testcase classname="mallikarjunaSelenium.mallikarjunaSelenium.NewTest3" name="openGoogleChrome3" time="8.472"/>
</testsuite> <!-- SubTest -->
