<?xml version="1.0" encoding="UTF-8"?>
<!-- Generated by org.testng.reporters.JUnitXMLReporter -->
<testsuite hostname="DESKTOP-6K6D6KB" failures="1" tests="2" name="Test1" time="0.065" errors="0" timestamp="26 Mar 2020 16:25:36 GMT">
  <testcase classname="mallikarjunaSelenium.mallikarjunaSelenium.ListenerDemo" name="login" time="0.021"/>
  <testcase classname="mallikarjunaSelenium.mallikarjunaSelenium.ListenerDemo" name="login1" time="0.004">
    <failure type="java.lang.AssertionError" message="expected [true] but found [false]">
      <![CDATA[java.lang.AssertionError: expected [true] but found [false]
	at mallikarjunaSelenium.mallikarjunaSelenium.ListenerDemo.login1(ListenerDemo.java:18)
... Removed 28 stack frames]]>
    </failure>
  </testcase> <!-- login1 -->
</testsuite> <!-- Test1 -->
